fatal: Unable to create '/home/nik/Sisyphus/.git/index.lock': File exists.

Another git process seems to be running in this repository, e.g.
an editor opened by 'git commit'. Please make sure all processes
are terminated then try again. If it still fails, a git process
may have crashed in this repository earlier:
remove the file manually to continue.
On branch main
Your branch is up to date with 'origin/main'.

nothing to commit, working tree clean
Everything up-to-date
fatal: Unable to create '/home/nik/Sisyphus/.git/index.lock': File exists.

Another git process seems to be running in this repository, e.g.
an editor opened by 'git commit'. Please make sure all processes
are terminated then try again. If it still fails, a git process
may have crashed in this repository earlier:
remove the file manually to continue.
On branch main
Your branch is up to date with 'origin/main'.

nothing to commit, working tree clean
Everything up-to-date
fatal: Unable to create '/home/nik/Sisyphus/.git/index.lock': File exists.

Another git process seems to be running in this repository, e.g.
an editor opened by 'git commit'. Please make sure all processes
are terminated then try again. If it still fails, a git process
may have crashed in this repository earlier:
remove the file manually to continue.
Everything up-to-date
On branch main
Your branch is up to date with 'origin/main'.

nothing to commit, working tree clean
Everything up-to-date
fatal: Unable to create '/home/nik/Sisyphus/.git/index.lock': File exists.

Another git process seems to be running in this repository, e.g.
an editor opened by 'git commit'. Please make sure all processes
are terminated then try again. If it still fails, a git process
may have crashed in this repository earlier:
remove the file manually to continue.
On branch main
Your branch is up to date with 'origin/main'.

nothing to commit, working tree clean
Everything up-to-date
[main d15a833] Auto-commit: update Simplify Slovakia 2025-12-26 02:55:04
 2 files changed, 12 insertions(+), 31 deletions(-)
 delete mode 100755 auto_commit.sh
To github.com:ToxicMinds/simplify_slovakia.git
   cafeec4..d15a833  main -> main
Sun Jan 25 08:13:39 PM CET 2026: No changes to commit
[main 126e93d] Auto-commit: update Simplify Slovakia 2026-01-25 20:19:59
 7 files changed, 188 insertions(+), 4 deletions(-)
 create mode 100644 README.md
 create mode 100644 data/README.md
 create mode 100644 docs/README.md
 create mode 100644 rules/README.md
 create mode 100755 scripts/auto_commit.sh
To github.com:ToxicMinds/simplify_slovakia.git
 ! [rejected]        main -> main (non-fast-forward)
error: failed to push some refs to 'github.com:ToxicMinds/simplify_slovakia.git'
hint: Updates were rejected because the tip of your current branch is behind
hint: its remote counterpart. If you want to integrate the remote changes,
hint: use 'git pull' before pushing again.
hint: See the 'Note about fast-forwards' in 'git push --help' for details.
Sun Jan 25 08:20:01 PM CET 2026: Successfully committed and pushed
[main 2b016dc] Auto-commit: update Simplify Slovakia 2026-01-25 20:20:01
 4 files changed, 81 insertions(+)
 create mode 100644 data/flows/README.md
 create mode 100644 data/reference/README.md
 create mode 100644 data/steps/README.md
To github.com:ToxicMinds/simplify_slovakia.git
 ! [rejected]        main -> main (non-fast-forward)
error: failed to push some refs to 'github.com:ToxicMinds/simplify_slovakia.git'
hint: Updates were rejected because the tip of your current branch is behind
hint: its remote counterpart. If you want to integrate the remote changes,
hint: use 'git pull' before pushing again.
hint: See the 'Note about fast-forwards' in 'git push --help' for details.
Sun Jan 25 08:20:03 PM CET 2026: Successfully committed and pushed
[main 27e95cc] Auto-commit: update Simplify Slovakia 2026-01-25 20:20:03
 1 file changed, 13 insertions(+)
To github.com:ToxicMinds/simplify_slovakia.git
 ! [rejected]        main -> main (non-fast-forward)
error: failed to push some refs to 'github.com:ToxicMinds/simplify_slovakia.git'
hint: Updates were rejected because the tip of your current branch is behind
hint: its remote counterpart. If you want to integrate the remote changes,
hint: use 'git pull' before pushing again.
hint: See the 'Note about fast-forwards' in 'git push --help' for details.
Sun Jan 25 08:20:04 PM CET 2026: Successfully committed and pushed
Sun Jan 25 08:20:06 PM CET 2026: Successfully committed and pushed
[main 4d687a9] Auto-commit: update Simplify Slovakia 2026-01-25 20:20:06
 1 file changed, 1 insertion(+)
To github.com:ToxicMinds/simplify_slovakia.git
   4a6e68e..4d687a9  main -> main
Sun Jan 25 08:20:08 PM CET 2026: Successfully committed and pushed
[main 66111ef] Auto-commit: update Simplify Slovakia 2026-01-25 20:20:08
 1 file changed, 5 insertions(+)
To github.com:ToxicMinds/simplify_slovakia.git
   4d687a9..66111ef  main -> main
Sun Jan 25 08:20:10 PM CET 2026: Successfully committed and pushed
[main b53f8f8] Auto-commit: update Simplify Slovakia 2026-01-25 20:20:10
 1 file changed, 5 insertions(+)
To github.com:ToxicMinds/simplify_slovakia.git
   66111ef..b53f8f8  main -> main
Sun Jan 25 08:20:12 PM CET 2026: Successfully committed and pushed
[main 740f3a0] Auto-commit: update Simplify Slovakia 2026-01-25 20:20:12
 1 file changed, 5 insertions(+)
To github.com:ToxicMinds/simplify_slovakia.git
   b53f8f8..740f3a0  main -> main
Sun Jan 25 08:20:13 PM CET 2026: Successfully committed and pushed
[main 5035853] Auto-commit: update Simplify Slovakia 2026-01-25 20:20:13
 1 file changed, 5 insertions(+)
To github.com:ToxicMinds/simplify_slovakia.git
   740f3a0..5035853  main -> main
Sun Jan 25 08:20:15 PM CET 2026: Successfully committed and pushed
[main 33f4135] Auto-commit: update Simplify Slovakia 2026-01-25 20:20:15
 1 file changed, 5 insertions(+)
To github.com:ToxicMinds/simplify_slovakia.git
   5035853..33f4135  main -> main
Sun Jan 25 08:20:17 PM CET 2026: Successfully committed and pushed
[main 846dc82] Auto-commit: update Simplify Slovakia 2026-01-25 20:20:17
 1 file changed, 5 insertions(+)
To github.com:ToxicMinds/simplify_slovakia.git
   33f4135..846dc82  main -> main
Sun Jan 25 08:20:19 PM CET 2026: Successfully committed and pushed
[main e7da01d] Auto-commit: update Simplify Slovakia 2026-01-25 20:20:19
 1 file changed, 5 insertions(+)
To github.com:ToxicMinds/simplify_slovakia.git
   846dc82..e7da01d  main -> main
Sun Jan 25 08:20:21 PM CET 2026: Successfully committed and pushed
